2026-06-18T16:19:59Z INF Thank you for trying Cloudflare Tunnel. Doing so, without a Cloudflare account, is a quick way to experiment and try it out. However, be aware that these account-less Tunnels have no uptime guarantee, are subject to the Cloudflare Online Services Terms of Use (https://www.cloudflare.com/website-terms/), and Cloudflare reserves the right to investigate your use of Tunnels for violations of such terms. If you intend to use Tunnels in production you should use a pre-created named tunnel by following: https://developers.cloudflare.com/cloudflare-one/connections/connect-apps
2026-06-18T16:19:59Z INF Requesting new quick Tunnel on trycloudflare.com...
2026-06-18T16:20:05Z INF +--------------------------------------------------------------------------------------------+
2026-06-18T16:20:05Z INF |  Your quick Tunnel has been created! Visit it at (it may take some time to be reachable):  |
2026-06-18T16:20:05Z INF |  https://conditional-frederick-canyon-occupied.trycloudflare.com                           |
2026-06-18T16:20:05Z INF +--------------------------------------------------------------------------------------------+
2026-06-18T16:20:05Z INF Cannot determine default configuration path. No file [config.yml config.yaml] in [~/.cloudflared ~/.cloudflare-warp ~/cloudflare-warp /etc/cloudflared /usr/local/etc/cloudflared]
2026-06-18T16:20:05Z INF Version 2026.6.0 (Checksum 08d27c4c5d3ed73ee3e98ef2ddceb4ad09fd4cfc28e243565a189538e8ccd706)
2026-06-18T16:20:05Z INF GOOS: linux, GOVersion: go1.26.4, GoArch: amd64
2026-06-18T16:20:05Z INF Settings: map[ha-connections:1 protocol:quic url:http://localhost:8080]
2026-06-18T16:20:05Z INF Autoupdate frequency is set autoupdateFreq=86400000
2026-06-18T16:20:05Z INF Generated Connector ID: 3147a663-103c-4cc1-ba9d-0b524ac6326e
2026-06-18T16:20:05Z INF Initial protocol quic
2026-06-18T16:20:05Z INF ICMP proxy will use 172.17.0.3 as source for IPv4
2026-06-18T16:20:05Z INF ICMP proxy will use ::1 in zone lo as source for IPv6
2026-06-18T16:20:05Z INF ICMP proxy will use 172.17.0.3 as source for IPv4
2026-06-18T16:20:05Z INF ICMP proxy will use ::1 in zone lo as source for IPv6
2026-06-18T16:20:05Z INF Starting metrics server on 127.0.0.1:20241/metrics
2026/06/18 16:20:05 failed to sufficiently increase receive buffer size (was: 208 kiB, wanted: 7168 kiB, got: 416 kiB). See https://github.com/quic-go/quic-go/wiki/UDP-Buffer-Sizes for details.
2026-06-18T16:20:05Z INF Tunnel connection curve preferences: [X25519MLKEM768 CurveID(65074) CurveP256] connIndex=0 event=0 ip=198.41.200.23
2026-06-18T16:20:05Z INF Registered tunnel connection connIndex=0 connection=49d18edf-3aa0-41b6-bfd6-a5777d012ab5 event=0 ip=198.41.200.23 location=ewr16 protocol=quic
2026-06-18T16:20:11Z INF +-------------------------------------------------------------------------------------+
2026-06-18T16:20:11Z INF |                               CONNECTIVITY PRE-CHECKS                               |
2026-06-18T16:20:11Z INF +-------------------------------------------------------------------------------------+
2026-06-18T16:20:11Z INF |  COMPONENT         TARGET                     STATUS  DETAILS                       |
2026-06-18T16:20:11Z INF |  DNS Resolution    region1.v2.argotunnel.com  PASS    DNS Resolved successfully     |
2026-06-18T16:20:11Z INF |  DNS Resolution    region2.v2.argotunnel.com  PASS    DNS Resolved successfully     |
2026-06-18T16:20:11Z INF |  UDP Connectivity  region1.v2.argotunnel.com  PASS    QUIC connection successful    |
2026-06-18T16:20:11Z INF |  UDP Connectivity  region2.v2.argotunnel.com  PASS    QUIC connection successful    |
2026-06-18T16:20:11Z INF |  TCP Connectivity  region1.v2.argotunnel.com  PASS    HTTP/2 connection successful  |
2026-06-18T16:20:11Z INF |  TCP Connectivity  region2.v2.argotunnel.com  PASS    HTTP/2 connection successful  |
2026-06-18T16:20:11Z INF |  Cloudflare API    api.cloudflare.com:443     PASS    API is reachable              |
2026-06-18T16:20:11Z INF |                                                                                     |
2026-06-18T16:20:11Z INF |  SUMMARY: Environment is healthy. cloudflared will use 'quic' as primary protocol.  |
2026-06-18T16:20:11Z INF +-------------------------------------------------------------------------------------+
2026-06-18T16:20:11Z INF precheck component="DNS Resolution" details="DNS Resolved successfully" run_id=1d19927d-243b-4a62-91cc-e7fb0f160c60 status=pass target=region1.v2.argotunnel.com
2026-06-18T16:20:11Z INF precheck component="DNS Resolution" details="DNS Resolved successfully" run_id=1d19927d-243b-4a62-91cc-e7fb0f160c60 status=pass target=region2.v2.argotunnel.com
2026-06-18T16:20:11Z INF precheck component="UDP Connectivity" details="QUIC connection successful" run_id=1d19927d-243b-4a62-91cc-e7fb0f160c60 status=pass target=region1.v2.argotunnel.com
2026-06-18T16:20:11Z INF precheck component="UDP Connectivity" details="QUIC connection successful" run_id=1d19927d-243b-4a62-91cc-e7fb0f160c60 status=pass target=region2.v2.argotunnel.com
2026-06-18T16:20:11Z INF precheck component="TCP Connectivity" details="HTTP/2 connection successful" run_id=1d19927d-243b-4a62-91cc-e7fb0f160c60 status=pass target=region1.v2.argotunnel.com
2026-06-18T16:20:11Z INF precheck component="TCP Connectivity" details="HTTP/2 connection successful" run_id=1d19927d-243b-4a62-91cc-e7fb0f160c60 status=pass target=region2.v2.argotunnel.com
2026-06-18T16:20:11Z INF precheck component="Cloudflare API" details="API is reachable" run_id=1d19927d-243b-4a62-91cc-e7fb0f160c60 status=pass target=api.cloudflare.com:443
2026-06-18T16:20:11Z INF precheck complete hard_fail=false run_id=1d19927d-243b-4a62-91cc-e7fb0f160c60 suggested_protocol=quic
