2026-06-17T10:00:07Z INF Thank you for trying Cloudflare Tunnel. Doing so, without a Cloudflare account, is a quick way to experiment and try it out. However, be aware that these account-less Tunnels have no uptime guarantee, are subject to the Cloudflare Online Services Terms of Use (https://www.cloudflare.com/website-terms/), and Cloudflare reserves the right to investigate your use of Tunnels for violations of such terms. If you intend to use Tunnels in production you should use a pre-created named tunnel by following: https://developers.cloudflare.com/cloudflare-one/connections/connect-apps
2026-06-17T10:00:07Z INF Requesting new quick Tunnel on trycloudflare.com...
2026-06-17T10:00:13Z INF +--------------------------------------------------------------------------------------------+
2026-06-17T10:00:13Z INF |  Your quick Tunnel has been created! Visit it at (it may take some time to be reachable):  |
2026-06-17T10:00:13Z INF |  https://roberts-previews-justify-wind.trycloudflare.com                                   |
2026-06-17T10:00:13Z INF +--------------------------------------------------------------------------------------------+
2026-06-17T10:00:13Z INF Cannot determine default configuration path. No file [config.yml config.yaml] in [~/.cloudflared ~/.cloudflare-warp ~/cloudflare-warp /etc/cloudflared /usr/local/etc/cloudflared]
2026-06-17T10:00:13Z INF Version 2026.6.0 (Checksum 08d27c4c5d3ed73ee3e98ef2ddceb4ad09fd4cfc28e243565a189538e8ccd706)
2026-06-17T10:00:13Z INF GOOS: linux, GOVersion: go1.26.4, GoArch: amd64
2026-06-17T10:00:13Z INF Settings: map[ha-connections:1 no-autoupdate:true protocol:quic url:http://localhost:8080]
2026-06-17T10:00:13Z INF Generated Connector ID: 69c29967-1b9b-496f-b2fe-d23d71bcaf63
2026-06-17T10:00:13Z INF Initial protocol quic
2026-06-17T10:00:13Z INF ICMP proxy will use automation.songheng.vip as source for IPv4
2026-06-17T10:00:13Z INF ICMP proxy will use 2001:19f0:1000:c516:5400:5ff:fed0:88d4 in zone enp1s0 as source for IPv6
2026-06-17T10:00:14Z INF ICMP proxy will use automation.songheng.vip as source for IPv4
2026-06-17T10:00:14Z INF ICMP proxy will use 2001:19f0:1000:c516:5400:5ff:fed0:88d4 in zone enp1s0 as source for IPv6
2026-06-17T10:00:14Z INF Starting metrics server on 127.0.0.1:38887/metrics
2026/06/17 10:00:14 failed to sufficiently increase receive buffer size (was: 208 kiB, wanted: 7168 kiB, got: 416 kiB). See https://github.com/quic-go/quic-go/wiki/UDP-Buffer-Sizes for details.
2026-06-17T10:00:14Z INF Tunnel connection curve preferences: [X25519MLKEM768 CurveID(65074) CurveP256] connIndex=0 event=0 ip=2606:4700:a0::6
2026-06-17T10:00:14Z INF +-------------------------------------------------------------------------------------+
2026-06-17T10:00:14Z INF |                               CONNECTIVITY PRE-CHECKS                               |
2026-06-17T10:00:14Z INF +-------------------------------------------------------------------------------------+
2026-06-17T10:00:14Z INF |  COMPONENT         TARGET                     STATUS  DETAILS                       |
2026-06-17T10:00:14Z INF |  DNS Resolution    region1.v2.argotunnel.com  PASS    DNS Resolved successfully     |
2026-06-17T10:00:14Z INF |  DNS Resolution    region2.v2.argotunnel.com  PASS    DNS Resolved successfully     |
2026-06-17T10:00:14Z INF |  UDP Connectivity  region1.v2.argotunnel.com  PASS    QUIC connection successful    |
2026-06-17T10:00:14Z INF |  UDP Connectivity  region2.v2.argotunnel.com  PASS    QUIC connection successful    |
2026-06-17T10:00:14Z INF |  TCP Connectivity  region1.v2.argotunnel.com  PASS    HTTP/2 connection successful  |
2026-06-17T10:00:14Z INF |  TCP Connectivity  region2.v2.argotunnel.com  PASS    HTTP/2 connection successful  |
2026-06-17T10:00:14Z INF |  Cloudflare API    api.cloudflare.com:443     PASS    API is reachable              |
2026-06-17T10:00:14Z INF |                                                                                     |
2026-06-17T10:00:14Z INF |  SUMMARY: Environment is healthy. cloudflared will use 'quic' as primary protocol.  |
2026-06-17T10:00:14Z INF +-------------------------------------------------------------------------------------+
2026-06-17T10:00:14Z INF precheck component="DNS Resolution" details="DNS Resolved successfully" run_id=4934adcb-1fe4-4650-a318-6600bef7f0c6 status=pass target=region1.v2.argotunnel.com
2026-06-17T10:00:14Z INF precheck component="DNS Resolution" details="DNS Resolved successfully" run_id=4934adcb-1fe4-4650-a318-6600bef7f0c6 status=pass target=region2.v2.argotunnel.com
2026-06-17T10:00:14Z INF precheck component="UDP Connectivity" details="QUIC connection successful" run_id=4934adcb-1fe4-4650-a318-6600bef7f0c6 status=pass target=region1.v2.argotunnel.com
2026-06-17T10:00:14Z INF precheck component="UDP Connectivity" details="QUIC connection successful" run_id=4934adcb-1fe4-4650-a318-6600bef7f0c6 status=pass target=region2.v2.argotunnel.com
2026-06-17T10:00:14Z INF precheck component="TCP Connectivity" details="HTTP/2 connection successful" run_id=4934adcb-1fe4-4650-a318-6600bef7f0c6 status=pass target=region1.v2.argotunnel.com
2026-06-17T10:00:14Z INF precheck component="TCP Connectivity" details="HTTP/2 connection successful" run_id=4934adcb-1fe4-4650-a318-6600bef7f0c6 status=pass target=region2.v2.argotunnel.com
2026-06-17T10:00:14Z INF precheck component="Cloudflare API" details="API is reachable" run_id=4934adcb-1fe4-4650-a318-6600bef7f0c6 status=pass target=api.cloudflare.com:443
2026-06-17T10:00:14Z INF precheck complete hard_fail=false run_id=4934adcb-1fe4-4650-a318-6600bef7f0c6 suggested_protocol=quic
2026-06-17T10:00:14Z INF Registered tunnel connection connIndex=0 connection=04882754-697c-4b5f-b2a6-acb73e73ad73 event=0 ip=2606:4700:a0::6 location=ewr01 protocol=quic
