[2026-06-16T07:18:10.161Z] ═══ GATEWAY MONITOR CYCLE ═══
[2026-06-16T07:18:10.246Z] Status page written: 5/12 healthy
[2026-06-16T07:18:10.248Z] Endpoints: 5 working / 12 total
[2026-06-16T07:18:10.248Z] Free endpoints: 0 working
[2026-06-16T07:18:10.249Z] Free/review: HTTP 404
[2026-06-16T07:18:10.249Z] ═══ CYCLE COMPLETE: 5/12 healthy ═══
[2026-06-16T07:21:25.997Z] ═══ GATEWAY MONITOR CYCLE ═══
[2026-06-16T07:21:26.089Z] Status page written: 5/12 healthy
[2026-06-16T07:21:26.091Z] Endpoints: 5 working / 12 total
[2026-06-16T07:21:26.092Z] Free endpoints: 0 working
[2026-06-16T07:21:26.092Z] Free/review: HTTP 404
[2026-06-16T07:21:26.093Z] ═══ CYCLE COMPLETE: 5/12 healthy ═══
[2026-06-16T07:30:19.393Z] === Gateway Probe ===
[2026-06-16T07:30:19.474Z] Results: 9/12 OK
[2026-06-16T07:30:19.475Z]   FAIL: Free Review (/free/review) -> 404
[2026-06-16T07:30:19.475Z]   FAIL: Free Security (/free/security) -> 404
[2026-06-16T07:30:19.476Z]   FAIL: Badge (/badge?label=test&message=ok&color=green) -> 404
[2026-06-16T07:30:19.477Z] Status page written
[2026-06-16T07:30:19.477Z] === Done ===
[2026-06-16T07:33:24.621Z] === Gateway Probe ===
[2026-06-16T07:33:24.680Z] Results: 9/12 OK
[2026-06-16T07:33:24.680Z]   FAIL: Free Review (/free/review) -> 404
[2026-06-16T07:33:24.680Z]   FAIL: Free Security (/free/security) -> 404
[2026-06-16T07:33:24.681Z]   FAIL: Badge (/badge?label=test&message=ok&color=green) -> 404
[2026-06-16T07:33:24.682Z] Status page written
[2026-06-16T07:33:24.682Z] === Done ===
