[2026-06-16T07:39:10.938Z] === SEO Submission Engine ===
[2026-06-16T07:39:10.945Z] Site: https://automation.songheng.vip
[2026-06-16T07:39:10.945Z] 📡 Pinging Google...
[2026-06-16T07:39:11.101Z]    Google: 404 
[2026-06-16T07:39:11.102Z] 📡 Pinging Bing...
[2026-06-16T07:39:11.125Z]    Bing: 410 
[2026-06-16T07:39:11.125Z] 📡 Pinging IndexNow...
[2026-06-16T07:39:11.197Z]    IndexNow: 403 
[2026-06-16T07:39:11.197Z] 📡 Checking live gateway...
[2026-06-16T07:39:11.201Z]    Gateway: 200
[2026-06-16T07:39:11.202Z] 📡 Checking public URL...
[2026-06-16T07:39:11.234Z]    Public URL: 530
[2026-06-16T07:39:11.235Z] 📡 Requesting Google indexing...
[2026-06-16T07:39:11.282Z]    Google index check: 200
[2026-06-16T07:39:11.283Z] 
=== Done: 2/6 successful ===
[2026-06-16T07:39:32.724Z] === SEO Submission Engine ===
[2026-06-16T07:39:32.726Z] Site: https://automation.songheng.vip
[2026-06-16T07:39:32.726Z] 📡 Pinging Google...
[2026-06-16T07:39:32.908Z]    Google: 404 
[2026-06-16T07:39:32.908Z] 📡 Pinging Bing...
[2026-06-16T07:39:32.948Z]    Bing: 410 
[2026-06-16T07:39:32.952Z] 📡 Pinging IndexNow...
[2026-06-16T07:39:33.019Z]    IndexNow: 403 
[2026-06-16T07:39:33.019Z] 📡 Checking live gateway...
[2026-06-16T07:39:33.026Z]    Gateway: 200
[2026-06-16T07:39:33.027Z] 📡 Checking public URL...
[2026-06-16T07:39:33.056Z]    Public URL: 530
[2026-06-16T07:39:33.056Z] 
=== Done: 1/5 successful ===
[2026-06-16T10:23:09.561Z] === SEO Submission Engine ===
[2026-06-16T10:23:09.579Z] Site: https://automation.songheng.vip
[2026-06-16T10:23:09.580Z] 📡 Pinging Google...
[2026-06-16T10:23:09.749Z]    Google: 404 
[2026-06-16T10:23:09.749Z] 📡 Pinging Bing...
[2026-06-16T10:23:09.802Z]    Bing: 410 
[2026-06-16T10:23:09.802Z] 📡 Pinging IndexNow...
[2026-06-16T10:23:09.862Z]    IndexNow: 403 
[2026-06-16T10:23:09.862Z] 📡 Checking live gateway...
[2026-06-16T10:23:09.866Z]    Gateway: 200
[2026-06-16T10:23:09.867Z] 📡 Checking public URL...
[2026-06-16T10:23:09.908Z]    Public URL: 530
[2026-06-16T10:23:09.909Z] 
=== Done: 1/5 successful ===
[2026-06-16T10:46:41.362Z] === SEO Submission Engine ===
[2026-06-16T10:46:41.365Z] Site: https://automation.songheng.vip
[2026-06-16T10:46:41.365Z] 📡 Pinging Google...
[2026-06-16T10:46:41.525Z]    Google: 404 
[2026-06-16T10:46:41.525Z] 📡 Pinging Bing...
[2026-06-16T10:46:41.575Z]    Bing: 410 
[2026-06-16T10:46:41.576Z] 📡 Pinging IndexNow...
[2026-06-16T10:46:42.402Z]    IndexNow: 202 
[2026-06-16T10:46:42.403Z] 📡 Checking live gateway...
[2026-06-16T10:46:42.409Z]    Gateway: 200
[2026-06-16T10:46:42.410Z] 📡 Checking public URL...
[2026-06-16T10:46:42.460Z]    Public URL: 200
[2026-06-16T10:46:42.461Z] 
=== Done: 3/5 successful ===
[2026-06-16T11:11:38.200Z] === SEO Submission Engine ===
[2026-06-16T11:11:38.203Z] Site: https://automation.songheng.vip
[2026-06-16T11:11:38.204Z] 📡 Pinging Google...
[2026-06-16T11:11:38.389Z]    Google: 404 
[2026-06-16T11:11:38.389Z] 📡 Pinging Bing...
[2026-06-16T11:11:38.417Z]    Bing: 410 
[2026-06-16T11:11:38.418Z] 📡 Pinging IndexNow...
[2026-06-16T11:11:38.891Z]    IndexNow: 200 
[2026-06-16T11:11:38.891Z] 📡 Checking live gateway...
[2026-06-16T11:11:38.895Z]    Gateway: 200
[2026-06-16T11:11:38.896Z] 📡 Checking public URL...
[2026-06-16T11:11:38.990Z]    Public URL: 200
[2026-06-16T11:11:38.998Z] 
=== Done: 3/5 successful ===
