[2026-06-15 01:14:31] Pinging IndexNow...
[2026-06-15 01:14:48] Pinging IndexNow...
[2026-06-15 01:15:07] IndexNow: 0 URLs submitted
[2026-06-15 01:15:07] Generating social media post...
[2026-06-15 01:15:07] Social post saved: /root/automaton/data/social-post-20260615.md
[2026-06-15 01:15:07] === TRAFFIC CHECK ===
[2026-06-15 01:15:07] Health response: <!DOCTYPE html>
<html lang="en">
<head>
<meta charset="utf-8">
<title>Error</title>
</head>
<body>
<pre>TypeError [ERR_INVALID_ARG_TYPE]: The &quot;path&quot; argument must be of type string. Received
[2026-06-15 01:15:07] Full promotion cycle complete
[2026-06-15 01:15:21] === TRAFFIC CHECK ===
[2026-06-15 01:15:21] Health response: <!DOCTYPE html>
<html lang="en">
<head>
<meta charset="utf-8">
<title>Error</title>
</head>
<body>
<pre>TypeError [ERR_INVALID_ARG_TYPE]: The &quot;path&quot; argument must be of type string. Received
[2026-06-15 01:15:24] Pinging IndexNow...
[2026-06-15 01:15:57] Pinging IndexNow...
[2026-06-15 01:16:30] Pinging IndexNow...
[2026-06-15 01:17:04] IndexNow: 0 URLs submitted
[2026-06-15 01:17:04] Generating social media post...
[2026-06-15 01:17:04] Social post saved: /root/automaton/data/social-post-20260615.md
[2026-06-15 01:17:04] === TRAFFIC CHECK ===
[2026-06-15 01:17:04] Health response: <!DOCTYPE html>
<html lang="en">
<head>
<meta charset="utf-8">
<title>Error</title>
</head>
<body>
<pre>TypeError [ERR_INVALID_ARG_TYPE]: The &quot;path&quot; argument must be of type string. Received
[2026-06-15 01:17:04] Full promotion cycle complete
[2026-06-15 01:17:36] Pinging IndexNow...
[2026-06-15 01:18:07] IndexNow: 0 URLs submitted
[2026-06-15 01:18:07] Generating social media post...
[2026-06-15 01:18:07] Social post saved: /root/automaton/data/social-post-20260615.md
[2026-06-15 01:18:07] === TRAFFIC CHECK ===
[2026-06-15 01:18:07] Health response: <!DOCTYPE html>
<html lang="en">
<head>
<meta charset="utf-8">
<title>Error</title>
</head>
<body>
<pre>TypeError [ERR_INVALID_ARG_TYPE]: The &quot;path&quot; argument must be of type string. Received
[2026-06-15 01:18:07] Full promotion cycle complete
