[2026-06-15T02:06:05.128Z] === TRAFFIC DRIVER ===
[2026-06-15T02:06:05.134Z] Backlinks page generated
[2026-06-15T02:06:05.135Z] IndexNow: 46 URLs prepared
[2026-06-15T02:06:05.471Z] IndexNow batch 1: 403 (10 URLs)
[2026-06-15T02:06:05.710Z] IndexNow batch 2: 403 (10 URLs)
[2026-06-15T02:06:05.744Z] IndexNow batch 3: 403 (10 URLs)
[2026-06-15T02:06:05.787Z] IndexNow batch 4: 403 (10 URLs)
[2026-06-15T02:06:05.860Z] IndexNow batch 5: 403 (6 URLs)
[2026-06-15T02:06:05.920Z] Bing: 410
[2026-06-15T02:06:06.057Z] Google: 404
[2026-06-15T02:06:06.067Z] Stats: 91 req, 11 premium, 5 payments
[2026-06-15T02:06:06.067Z] === TRAFFIC DRIVER DONE ===
[2026-06-15T02:06:09.145Z] === TRAFFIC DRIVER ===
[2026-06-15T02:06:09.150Z] Backlinks page generated
[2026-06-15T02:06:09.150Z] IndexNow: 46 URLs prepared
[2026-06-15T02:06:09.483Z] IndexNow batch 1: 403 (10 URLs)
[2026-06-15T02:06:09.837Z] IndexNow batch 2: 403 (10 URLs)
[2026-06-15T02:06:10.136Z] IndexNow batch 3: 403 (10 URLs)
[2026-06-15T02:06:10.345Z] IndexNow batch 4: 403 (10 URLs)
[2026-06-15T02:06:10.374Z] IndexNow batch 5: 403 (6 URLs)
[2026-06-15T02:06:10.418Z] Bing: 410
[2026-06-15T02:06:10.552Z] Google: 404
[2026-06-15T02:06:10.561Z] Stats: 91 req, 11 premium, 5 payments
[2026-06-15T02:06:10.562Z] === TRAFFIC DRIVER DONE ===
[2026-06-15T02:06:34.554Z] === TRAFFIC DRIVER ===
[2026-06-15T02:06:34.559Z] Backlinks page generated
[2026-06-15T02:06:34.559Z] IndexNow: 46 URLs prepared
[2026-06-15T02:06:34.879Z] IndexNow batch 1: 403 (10 URLs)
[2026-06-15T02:06:34.941Z] IndexNow batch 2: 403 (10 URLs)
[2026-06-15T02:06:35.248Z] IndexNow batch 3: 403 (10 URLs)
[2026-06-15T02:06:35.452Z] IndexNow batch 4: 403 (10 URLs)
[2026-06-15T02:06:35.481Z] IndexNow batch 5: 403 (6 URLs)
[2026-06-15T02:06:35.509Z] Bing: 410
[2026-06-15T02:06:35.656Z] Google: 404
[2026-06-15T02:06:35.666Z] Stats: 91 req, 11 premium, 5 payments
[2026-06-15T02:06:35.667Z] === TRAFFIC DRIVER DONE ===
[2026-06-15T02:06:38.568Z] === TRAFFIC DRIVER ===
[2026-06-15T02:06:38.574Z] Backlinks page generated
[2026-06-15T02:06:38.575Z] IndexNow: 46 URLs prepared
[2026-06-15T02:06:38.887Z] IndexNow batch 1: 403 (10 URLs)
[2026-06-15T02:06:39.127Z] IndexNow batch 2: 403 (10 URLs)
[2026-06-15T02:06:39.168Z] IndexNow batch 3: 403 (10 URLs)
[2026-06-15T02:06:39.374Z] IndexNow batch 4: 403 (10 URLs)
[2026-06-15T02:06:39.574Z] IndexNow batch 5: 403 (6 URLs)
[2026-06-15T02:06:39.611Z] Bing: 410
[2026-06-15T02:06:39.745Z] Google: 404
[2026-06-15T02:06:39.757Z] Stats: 91 req, 11 premium, 5 payments
[2026-06-15T02:06:39.758Z] === TRAFFIC DRIVER DONE ===
