[2026-06-16T11:15:36.466Z] 🚀 Starting traffic pulse...
[2026-06-16T11:15:36.472Z] 🔍 Checking gateway health...
[2026-06-16T11:15:36.559Z]   /: 530 ⚠️
[2026-06-16T11:15:36.566Z]   /health: 530 ⚠️
[2026-06-16T11:15:36.573Z]   /api-docs.html: 530 ⚠️
[2026-06-16T11:15:36.584Z]   /get-started.html: 530 ⚠️
[2026-06-16T11:15:36.591Z]   /playground.html: 530 ⚠️
[2026-06-16T11:15:36.591Z]   Gateway: 0/5 endpoints OK
[2026-06-16T11:15:36.592Z] 🗺️ Building sitemap...
[2026-06-16T11:15:36.596Z]   Found 282 pages (existing sitemap had 320 URLs)
[2026-06-16T11:15:36.596Z]   Sitemap written: 282 URLs
[2026-06-16T11:15:36.597Z] 📡 Pinging search engines...
[2026-06-16T11:15:36.727Z]   www.google.com: 404
[2026-06-16T11:15:36.808Z]   www.bing.com: 410
[2026-06-16T11:15:36.886Z]   api.indexnow.org: 422
[2026-06-16T11:15:36.886Z] 📬 Running directory submissions...
[2026-06-16T11:15:37.089Z]   submit-directories: exit=0
[2026-06-16T11:15:37.090Z]   ; ✓ Done! Status saved to /root/automaton/data/submission-status.json;
[2026-06-16T11:15:37.090Z] 🔑 Checking dev keys...
[2026-06-16T11:15:37.091Z]   5 API keys, 20492 credits remaining, 8 used
[2026-06-16T11:15:37.092Z] 📊 Generating traffic report...
[2026-06-16T11:15:37.101Z]   Report: {"timestamp":"2026-06-16T11:15:37.092Z","site":"https://automation.songheng.vip","actions":{},"visitors":"unknown","recentAccess":"no recent access"}
[2026-06-16T11:15:37.102Z] ✅ Traffic pulse complete!
