[2026-06-17 09:59:43] Killing all cloudflared processes...
[2026-06-17 09:59:45] ERROR: Some cloudflared processes still alive
[2026-06-17 09:59:46] All cloudflared processes killed.
[2026-06-17 09:59:46] Starting new cloudflared tunnel...
[2026-06-17 09:59:46] Started cloudflared PID: 5367
[2026-06-17 09:59:52] Tunnel URL: https://green-took-san-tracks.trycloudflare.com
[2026-06-17 09:59:52] Saved tunnel URL to /root/automaton/data/tunnel-live.json
[2026-06-17 09:59:52] Verifying tunnel...
[2026-06-17 09:59:52] WARNING: Tunnel health check returned HTTP 000
[2026-06-17 09:59:52] Checking Cloudflare Tunnel domain...
[2026-06-17 09:59:52] WARNING: automation.songheng.vip returned HTTP 530 (may need Cloudflare Tunnel config update)
[2026-06-17 09:59:52] Tunnel fix complete!
[2026-06-17 10:00:04] Killing all cloudflared processes...
[2026-06-17 10:00:06] ERROR: Some cloudflared processes still alive
[2026-06-17 10:00:07] All cloudflared processes killed.
[2026-06-17 10:00:07] Starting new cloudflared tunnel...
[2026-06-17 10:00:07] Started cloudflared PID: 5453
[2026-06-17 10:00:15] Tunnel URL: https://roberts-previews-justify-wind.trycloudflare.com
[2026-06-17 10:00:15] Saved tunnel URL to /root/automaton/data/tunnel-live.json
[2026-06-17 10:00:15] Verifying tunnel...
[2026-06-17 10:00:15] WARNING: Tunnel health check returned HTTP 000
[2026-06-17 10:00:15] Checking Cloudflare Tunnel domain...
[2026-06-17 10:00:15] WARNING: automation.songheng.vip returned HTTP 530 (may need Cloudflare Tunnel config update)
[2026-06-17 10:00:15] Tunnel fix complete!
